0 verbose cli /Users/balledachandrahas/.nvm/versions/node/v22.14.0/bin/node /Users/balledachandrahas/.nvm/versions/node/v22.14.0/bin/npm
1 info using npm@10.9.2
2 info using node@v22.14.0
3 silly config load:file:/Users/balledachandrahas/.nvm/versions/node/v22.14.0/lib/node_modules/npm/npmrc
4 silly config load:file:/Users/balledachandrahas/Documents/PersonalCode/data_structures_algorithms/Datastructures/Javascript/.npmrc
5 silly config load:file:/Users/balledachandrahas/.npmrc
6 silly config load:file:/Users/balledachandrahas/.nvm/versions/node/v22.14.0/etc/npmrc
7 verbose title npm init
8 verbose argv "init" "--yes"
9 verbose logfile logs-max:10 dir:/Users/balledachandrahas/Documents/PersonalCode/data_structures_algorithms/Datastructures/Javascript/$HOME/.npmcache_new/_logs/2025-02-24T16_45_45_180Z-
10 verbose logfile /Users/balledachandrahas/Documents/PersonalCode/data_structures_algorithms/Datastructures/Javascript/$HOME/.npmcache_new/_logs/2025-02-24T16_45_45_180Z-debug-0.log
11 silly logfile done cleaning log files
12 silly package data {
12 silly package data   name: 'javascript',
12 silly package data   version: '1.0.0',
12 silly package data   main: 'index.js',
12 silly package data   scripts: { test: 'echo "Error: no test specified" && exit 1' },
12 silly package data   keywords: [],
12 silly package data   author: '',
12 silly package data   license: 'ISC',
12 silly package data   description: ''
12 silly package data }
13 verbose cwd /Users/balledachandrahas/Documents/PersonalCode/data_structures_algorithms/Datastructures/Javascript
14 verbose os Darwin 23.6.0
15 verbose node v22.14.0
16 verbose npm  v10.9.2
17 verbose exit 0
18 info ok
